<?xml version="1.0" encoding="UTF-8"?>
<!-- Generated by org.testng.reporters.JUnitReportReporter -->
<testsuite hostname="LAPTOP-BPN34P9J" failures="0" tests="4" name="org.framework.datadriven.ebay.ProductSearchTestUsingExcel" time="38.419" errors="0" timestamp="2021-10-15T09:53:31 EDT" skipped="0">
  <testcase classname="org.framework.datadriven.ebay.ProductSearchTestUsingExcel" name="Searchtxt" time="9.088"/>
  <testcase classname="org.framework.datadriven.ebay.ProductSearchTestUsingExcel" name="Searchtxt" time="10.676"/>
  <testcase classname="org.framework.datadriven.ebay.ProductSearchTestUsingExcel" name="Searchtxt" time="8.179"/>
  <testcase classname="org.framework.datadriven.ebay.ProductSearchTestUsingExcel" name="Searchtxt" time="10.476"/>
</testsuite> <!-- org.framework.datadriven.ebay.ProductSearchTestUsingExcel -->
