<?xml version="1.0" encoding="UTF-8"?>
<!-- Generated by org.testng.reporters.JUnitReportReporter -->
<testsuite hostname="LAPTOP-BPN34P9J" failures="0" tests="4" name="org.framework.datadriven.amazon.SearchProdCategoryUsingDBConnection" time="46.153" errors="0" timestamp="2021-10-15T09:49:06 EDT" skipped="0">
  <testcase classname="org.framework.datadriven.amazon.SearchProdCategoryUsingDBConnection" name="SearchTest" time="11.348"/>
  <testcase classname="org.framework.datadriven.amazon.SearchProdCategoryUsingDBConnection" name="SearchTest" time="12.199"/>
  <testcase classname="org.framework.datadriven.amazon.SearchProdCategoryUsingDBConnection" name="SearchTest" time="12.665"/>
  <testcase classname="org.framework.datadriven.amazon.SearchProdCategoryUsingDBConnection" name="SearchTest" time="9.941"/>
</testsuite> <!-- org.framework.datadriven.amazon.SearchProdCategoryUsingDBConnection -->
