<?xml version="1.0" encoding="UTF-8"?>
<!-- Generated by org.testng.reporters.JUnitReportReporter -->
<testsuite hostname="LAPTOP-BPN34P9J" failures="0" tests="1" name="org.framework.pageobjectmodel.Ebay.POMEbayCategorySearchTest" time="15.271" errors="0" timestamp="2021-10-15T11:33:15 EDT" skipped="0">
  <testcase classname="org.framework.pageobjectmodel.Ebay.POMEbayCategorySearchTest" name="ProductCategorySearchTest" time="15.271"/>
</testsuite> <!-- org.framework.pageobjectmodel.Ebay.POMEbayCategorySearchTest -->
