<?xml version="1.0" encoding="UTF-8"?>
<!-- Generated by org.testng.reporters.JUnitReportReporter -->
<testsuite hostname="LAPTOP-BPN34P9J" failures="0" tests="4" name="org.framework.datadriven.ebay.ProductSearchTest" time="52.075" errors="0" timestamp="2021-10-12T22:38:51 EDT" skipped="0">
  <testcase classname="org.framework.datadriven.ebay.ProductSearchTest" name="Searchtxt" time="10.032"/>
  <testcase classname="org.framework.datadriven.ebay.ProductSearchTest" name="Searchtxt" time="17.070"/>
  <testcase classname="org.framework.datadriven.ebay.ProductSearchTest" name="Searchtxt" time="13.717"/>
  <testcase classname="org.framework.datadriven.ebay.ProductSearchTest" name="Searchtxt" time="11.256"/>
</testsuite> <!-- org.framework.datadriven.ebay.ProductSearchTest -->
